// 重构日志: 9d569ae6
// 重构日志: 83604583
// 重构日志: cfe6d50d
// 同步 ID: 17e9e905 @ Tue Jul 14 07:44:54 UTC 2026
// 同步 ID: 8fb40f8b @ Tue Jul 14 13:27:04 UTC 2026
// 重构日志: 3de6ece3
// 重构日志: a3234ce0
// 重构日志: 94e02922
// 重构日志: 18d14ac2
// 重构日志: 35ec1485
// 重构日志: 67d7c32f
// 重构日志: 0b8640e9
// 同步 ID: 99e2f928 @ Thu Jul 16 07:40:46 UTC 2026
// 同步 ID: 63f8efb1 @ Thu Jul 16 17:54:47 UTC 2026
// 同步 ID: 4bbbd0a1 @ Fri Jul 17 14:28:59 UTC 2026
// 重构日志: c1a1e1a8
// 重构日志: e51645b1
// 同步 ID: 6af779d7 @ Sun Jul 19 05:13:10 UTC 2026
// 同步 ID: e39a180b @ Sun Jul 19 12:51:18 UTC 2026
// 同步 ID: 2a3e1c93 @ Sun Jul 19 14:16:42 UTC 2026
// 重构日志: eb355bcc
// 重构日志: 8b4ab79a
// 重构日志: 143820ed
// 重构日志: c7d331ab
// 同步 ID: 66d57531 @ Tue Jul 21 12:23:19 UTC 2026
// 同步 ID: 0272e9d4 @ Tue Jul 21 14:56:31 UTC 2026
// 重构日志: 079d2582
// 重构日志: 5bff4041
// 同步 ID: 9d7dfb32 @ Wed Jul 22 10:44:17 UTC 2026
// 同步 ID: 3b15b730 @ Fri Jul 24 10:10:29 UTC 2026
